<?xml version="1.0" encoding="UTF-8"?>
<!-- Generated by org.testng.reporters.JUnitReportReporter -->
<testsuite hostname="Radhakrishnan" failures="0" tests="1" name="runner.MyRunner" time="27.167" errors="0" timestamp="2024-04-29T18:13:12 IST" skipped="0">
  <testcase classname="runner.MyRunner" name="runScenario" time="27.167"/>
</testsuite> <!-- runner.MyRunner -->
